<?xml version="1.0" encoding="UTF-8"?>
<testng-results skipped="0" failed="0" total="1" passed="1">
  <reporter-output>
  </reporter-output>
  <suite name="Default suite" duration-ms="39514" started-at="2018-04-22T12:12:53Z" finished-at="2018-04-22T12:13:33Z">
    <groups>
    </groups>
    <test name="Default test" duration-ms="39514" started-at="2018-04-22T12:12:53Z" finished-at="2018-04-22T12:13:33Z">
      <class name="com.CanopyTest.ScenariosTest">
        <test-method status="PASS" signature="configBeforeClass()[pri:0, instance:com.CanopyTest.ScenariosTest@1e88b3c]" name="configBeforeClass" is-config="true" duration-ms="5391" started-at="2018-04-22T17:42:53Z" finished-at="2018-04-22T17:42:58Z">
          <reporter-output>
          </reporter-output>
        </test-method> <!-- configBeforeClass -->
        <test-method status="PASS" signature="Test5()[pri:0, instance:com.CanopyTest.ScenariosTest@1e88b3c]" name="Test5" duration-ms="34112" started-at="2018-04-22T17:42:58Z" finished-at="2018-04-22T17:43:33Z">
          <reporter-output>
          </reporter-output>
        </test-method> <!-- Test5 -->
      </class> <!-- com.CanopyTest.ScenariosTest -->
    </test> <!-- Default test -->
  </suite> <!-- Default suite -->
</testng-results>
